2021-11-23 22:49:35,656 INFO org.springframework.boot.StartupInfoLogger [restartedMain] Starting ChallengeApplication using Java 1.8.0_251 on jean-b01 with PID 41668 (C:\Users\jean.b\Desktop\Treinamento\talkd\pnia\pnia-challenge\challenge\target\classes started by jean.b in C:\Users\jean.b\Desktop\Treinamento\talkd\pnia\pnia-challenge\challenge)
2021-11-23 22:49:35,662 DEBUG org.springframework.boot.StartupInfoLogger [restartedMain] Running with Spring Boot v2.4.12, Spring v5.3.12
2021-11-23 22:49:35,662 INFO org.springframework.boot.SpringApplication [restartedMain] No active profile set, falling back to default profiles: default
2021-11-23 22:49:35,712 INFO org.springframework.boot.logging.DeferredLog [restartedMain] Devtools property defaults active! Set 'spring.devtools.add-properties' to 'false' to disable
2021-11-23 22:49:35,713 INFO org.springframework.boot.logging.DeferredLog [restartedMain] For additional web related logging consider setting the 'logging.level.web' property to 'DEBUG'
2021-11-23 22:49:36,549 INFO org.springframework.cloud.context.scope.GenericScope [restartedMain] BeanFactory id=70ccd595-d066-3c9f-8d87-13507fdd15d1
2021-11-23 22:49:37,343 INFO org.springframework.boot.web.embedded.tomcat.TomcatWebServer [restartedMain] Tomcat initialized with port(s): 8080 (http)
2021-11-23 22:49:37,352 INFO org.apache.juli.logging.DirectJDKLog [restartedMain] Initializing ProtocolHandler ["http-nio-8080"]
2021-11-23 22:49:37,353 INFO org.apache.juli.logging.DirectJDKLog [restartedMain] Starting service [Tomcat]
2021-11-23 22:49:37,354 INFO org.apache.juli.logging.DirectJDKLog [restartedMain] Starting Servlet engine: [Apache Tomcat/9.0.54]
2021-11-23 22:49:37,461 INFO org.apache.juli.logging.DirectJDKLog [restartedMain] Initializing Spring embedded WebApplicationContext
2021-11-23 22:49:37,462 INFO org.springframework.boot.web.servlet.context.ServletWebServerApplicationContext [restartedMain] Root WebApplicationContext: initialization completed in 1748 ms
2021-11-23 22:49:37,617 INFO org.springframework.boot.devtools.autoconfigure.OptionalLiveReloadServer [restartedMain] LiveReload server is running on port 35729
2021-11-23 22:49:37,659 DEBUG com.pnia.challenge.usecase.prefixReaderImpl.FilePrefixReader [restartedMain] Going to read all prefixes from file into memory, will take time!
2021-11-23 22:49:38,425 DEBUG com.pnia.challenge.usecase.prefixReaderImpl.FilePrefixReader [restartedMain] Prefixes files is into memory!
2021-11-23 22:49:38,644 INFO springfox.documentation.spring.web.PropertySourcedRequestMappingHandlerMapping [restartedMain] Mapped URL path [/v2/api-docs] onto method [springfox.documentation.swagger2.web.Swagger2Controller#getDocumentation(String, HttpServletRequest)]
2021-11-23 22:49:40,235 INFO org.springframework.cloud.commons.util.InetUtils [restartedMain] Cannot determine local hostname
2021-11-23 22:49:40,254 INFO org.apache.juli.logging.DirectJDKLog [restartedMain] Starting ProtocolHandler ["http-nio-8080"]
2021-11-23 22:49:40,287 INFO org.springframework.boot.web.embedded.tomcat.TomcatWebServer [restartedMain] Tomcat started on port(s): 8080 (http) with context path ''
2021-11-23 22:49:41,610 INFO org.springframework.cloud.commons.util.InetUtils [restartedMain] Cannot determine local hostname
2021-11-23 22:49:41,610 INFO springfox.documentation.spring.web.plugins.DocumentationPluginsBootstrapper [restartedMain] Context refreshed
2021-11-23 22:49:41,634 INFO springfox.documentation.spring.web.plugins.DocumentationPluginsBootstrapper [restartedMain] Found 1 custom documentation plugin(s)
2021-11-23 22:49:41,661 INFO springfox.documentation.spring.web.scanners.ApiListingReferenceScanner [restartedMain] Scanning for api listing references
2021-11-23 22:49:41,740 INFO org.springframework.boot.StartupInfoLogger [restartedMain] Started ChallengeApplication in 7.826 seconds (JVM running for 8.454)
