2021-11-15 01:46:43,251 INFO org.springframework.boot.StartupInfoLogger [restartedMain] Starting ChallengeApplication using Java 1.8.0_251 on jean-b01 with PID 14476 (C:\Users\jean.b\Desktop\Treinamento\talkd\pnia\pnia-challenge\challenge\target\classes started by jean.b in C:\Users\jean.b\Desktop\Treinamento\talkd\pnia\pnia-challenge\challenge)
2021-11-15 01:46:43,251 DEBUG org.springframework.boot.StartupInfoLogger [restartedMain] Running with Spring Boot v2.4.12, Spring v5.3.12
2021-11-15 01:46:43,251 INFO org.springframework.boot.SpringApplication [restartedMain] No active profile set, falling back to default profiles: default
2021-11-15 01:46:43,320 INFO org.springframework.boot.logging.DeferredLog [restartedMain] Devtools property defaults active! Set 'spring.devtools.add-properties' to 'false' to disable
2021-11-15 01:46:43,320 INFO org.springframework.boot.logging.DeferredLog [restartedMain] For additional web related logging consider setting the 'logging.level.web' property to 'DEBUG'
2021-11-15 01:46:44,579 INFO org.springframework.cloud.context.scope.GenericScope [restartedMain] BeanFactory id=70ccd595-d066-3c9f-8d87-13507fdd15d1
2021-11-15 01:46:45,460 INFO org.springframework.boot.web.embedded.tomcat.TomcatWebServer [restartedMain] Tomcat initialized with port(s): 8080 (http)
2021-11-15 01:46:45,469 INFO org.apache.juli.logging.DirectJDKLog [restartedMain] Initializing ProtocolHandler ["http-nio-8080"]
2021-11-15 01:46:45,470 INFO org.apache.juli.logging.DirectJDKLog [restartedMain] Starting service [Tomcat]
2021-11-15 01:46:45,470 INFO org.apache.juli.logging.DirectJDKLog [restartedMain] Starting Servlet engine: [Apache Tomcat/9.0.54]
2021-11-15 01:46:45,581 INFO org.apache.juli.logging.DirectJDKLog [restartedMain] Initializing Spring embedded WebApplicationContext
2021-11-15 01:46:45,581 INFO org.springframework.boot.web.servlet.context.ServletWebServerApplicationContext [restartedMain] Root WebApplicationContext: initialization completed in 2261 ms
2021-11-15 01:46:45,795 INFO org.springframework.boot.devtools.autoconfigure.OptionalLiveReloadServer [restartedMain] LiveReload server is running on port 35729
2021-11-15 01:46:45,861 DEBUG com.pnia.challenge.usecase.prefixReaderImpl.FilePrefixReader [restartedMain] Going to read all prefixes from file into memory, will take time!
2021-11-15 01:46:46,535 DEBUG com.pnia.challenge.usecase.prefixReaderImpl.FilePrefixReader [restartedMain] Prefixes files is into memory!
2021-11-15 01:46:47,279 INFO springfox.documentation.spring.web.PropertySourcedRequestMappingHandlerMapping [restartedMain] Mapped URL path [/v2/api-docs] onto method [springfox.documentation.swagger2.web.Swagger2Controller#getDocumentation(String, HttpServletRequest)]
2021-11-15 01:46:48,993 INFO org.springframework.cloud.commons.util.InetUtils [restartedMain] Cannot determine local hostname
2021-11-15 01:46:49,017 INFO org.apache.juli.logging.DirectJDKLog [restartedMain] Starting ProtocolHandler ["http-nio-8080"]
2021-11-15 01:46:49,033 INFO org.springframework.boot.web.embedded.tomcat.TomcatWebServer [restartedMain] Tomcat started on port(s): 8080 (http) with context path ''
2021-11-15 01:46:50,362 INFO org.springframework.cloud.commons.util.InetUtils [restartedMain] Cannot determine local hostname
2021-11-15 01:46:50,362 INFO springfox.documentation.spring.web.plugins.DocumentationPluginsBootstrapper [restartedMain] Context refreshed
2021-11-15 01:46:50,380 INFO springfox.documentation.spring.web.plugins.DocumentationPluginsBootstrapper [restartedMain] Found 1 custom documentation plugin(s)
2021-11-15 01:46:50,406 INFO springfox.documentation.spring.web.scanners.ApiListingReferenceScanner [restartedMain] Scanning for api listing references
2021-11-15 01:46:50,487 INFO org.springframework.boot.StartupInfoLogger [restartedMain] Started ChallengeApplication in 9.244 seconds (JVM running for 10.188)
2021-11-15 01:47:28,977 INFO org.apache.juli.logging.DirectJDKLog [http-nio-8080-exec-1] Initializing Spring DispatcherServlet 'dispatcherServlet'
2021-11-15 01:47:28,977 INFO org.springframework.web.servlet.FrameworkServlet [http-nio-8080-exec-1] Initializing Servlet 'dispatcherServlet'
2021-11-15 01:47:28,979 INFO org.springframework.web.servlet.FrameworkServlet [http-nio-8080-exec-1] Completed initialization in 2 ms
2021-11-15 01:47:29,488 WARN org.springframework.web.servlet.DispatcherServlet [http-nio-8080-exec-4] No mapping for GET /
2021-11-15 01:47:29,540 WARN org.springframework.web.servlet.DispatcherServlet [http-nio-8080-exec-6] No mapping for GET /csrf
2021-11-15 01:51:32,021 WARN org.springframework.web.servlet.DispatcherServlet [http-nio-8080-exec-8] No mapping for GET /
2021-11-15 01:51:32,069 WARN org.springframework.web.servlet.DispatcherServlet [http-nio-8080-exec-7] No mapping for GET /csrf
2021-11-15 01:51:42,039 WARN org.springframework.web.servlet.DispatcherServlet [http-nio-8080-exec-10] No mapping for GET /
2021-11-15 01:52:11,606 WARN org.springframework.web.servlet.DispatcherServlet [http-nio-8080-exec-6] No mapping for GET /
2021-11-15 01:52:11,619 WARN org.springframework.web.servlet.DispatcherServlet [http-nio-8080-exec-1] No mapping for GET /csrf
2021-11-15 02:13:35,274 INFO org.springframework.boot.StartupInfoLogger [restartedMain] Starting ChallengeApplication using Java 1.8.0_251 on jean-b01 with PID 17744 (C:\Users\jean.b\Desktop\Treinamento\talkd\pnia\pnia-challenge\challenge\target\classes started by jean.b in C:\Users\jean.b\Desktop\Treinamento\talkd\pnia\pnia-challenge\challenge)
2021-11-15 02:13:35,278 DEBUG org.springframework.boot.StartupInfoLogger [restartedMain] Running with Spring Boot v2.4.12, Spring v5.3.12
2021-11-15 02:13:35,279 INFO org.springframework.boot.SpringApplication [restartedMain] No active profile set, falling back to default profiles: default
2021-11-15 02:13:35,365 INFO org.springframework.boot.logging.DeferredLog [restartedMain] Devtools property defaults active! Set 'spring.devtools.add-properties' to 'false' to disable
2021-11-15 02:13:35,365 INFO org.springframework.boot.logging.DeferredLog [restartedMain] For additional web related logging consider setting the 'logging.level.web' property to 'DEBUG'
2021-11-15 02:13:37,041 INFO org.springframework.cloud.context.scope.GenericScope [restartedMain] BeanFactory id=70ccd595-d066-3c9f-8d87-13507fdd15d1
2021-11-15 02:13:38,192 INFO org.springframework.boot.web.embedded.tomcat.TomcatWebServer [restartedMain] Tomcat initialized with port(s): 8090 (http)
2021-11-15 02:13:38,205 INFO org.apache.juli.logging.DirectJDKLog [restartedMain] Initializing ProtocolHandler ["http-nio-8090"]
2021-11-15 02:13:38,206 INFO org.apache.juli.logging.DirectJDKLog [restartedMain] Starting service [Tomcat]
2021-11-15 02:13:38,206 INFO org.apache.juli.logging.DirectJDKLog [restartedMain] Starting Servlet engine: [Apache Tomcat/9.0.54]
2021-11-15 02:13:38,382 INFO org.apache.juli.logging.DirectJDKLog [restartedMain] Initializing Spring embedded WebApplicationContext
2021-11-15 02:13:38,383 INFO org.springframework.boot.web.servlet.context.ServletWebServerApplicationContext [restartedMain] Root WebApplicationContext: initialization completed in 3017 ms
2021-11-15 02:13:38,699 INFO org.springframework.boot.devtools.autoconfigure.OptionalLiveReloadServer [restartedMain] LiveReload server is running on port 35729
2021-11-15 02:13:38,795 DEBUG com.pnia.challenge.usecase.prefixReaderImpl.FilePrefixReader [restartedMain] Going to read all prefixes from file into memory, will take time!
2021-11-15 02:13:39,521 DEBUG com.pnia.challenge.usecase.prefixReaderImpl.FilePrefixReader [restartedMain] Prefixes files is into memory!
2021-11-15 02:13:40,608 INFO springfox.documentation.spring.web.PropertySourcedRequestMappingHandlerMapping [restartedMain] Mapped URL path [/v2/api-docs] onto method [springfox.documentation.swagger2.web.Swagger2Controller#getDocumentation(String, HttpServletRequest)]
2021-11-15 02:13:42,448 INFO org.springframework.cloud.commons.util.InetUtils [restartedMain] Cannot determine local hostname
2021-11-15 02:13:42,474 INFO org.apache.juli.logging.DirectJDKLog [restartedMain] Starting ProtocolHandler ["http-nio-8090"]
2021-11-15 02:13:42,498 INFO org.springframework.boot.web.embedded.tomcat.TomcatWebServer [restartedMain] Tomcat started on port(s): 8090 (http) with context path ''
2021-11-15 02:13:43,927 INFO org.springframework.cloud.commons.util.InetUtils [restartedMain] Cannot determine local hostname
2021-11-15 02:13:43,928 INFO springfox.documentation.spring.web.plugins.DocumentationPluginsBootstrapper [restartedMain] Context refreshed
2021-11-15 02:13:43,947 INFO springfox.documentation.spring.web.plugins.DocumentationPluginsBootstrapper [restartedMain] Found 1 custom documentation plugin(s)
2021-11-15 02:13:43,972 INFO springfox.documentation.spring.web.scanners.ApiListingReferenceScanner [restartedMain] Scanning for api listing references
2021-11-15 02:13:44,055 INFO org.springframework.boot.StartupInfoLogger [restartedMain] Started ChallengeApplication in 11.119 seconds (JVM running for 12.259)
2021-11-15 02:13:58,751 INFO org.apache.juli.logging.DirectJDKLog [http-nio-8090-exec-1] Initializing Spring DispatcherServlet 'dispatcherServlet'
2021-11-15 02:13:58,752 INFO org.springframework.web.servlet.FrameworkServlet [http-nio-8090-exec-1] Initializing Servlet 'dispatcherServlet'
2021-11-15 02:13:58,752 INFO org.springframework.web.servlet.FrameworkServlet [http-nio-8090-exec-1] Completed initialization in 0 ms
2021-11-15 02:13:59,411 WARN org.springframework.web.servlet.DispatcherServlet [http-nio-8090-exec-2] No mapping for GET /
2021-11-15 02:13:59,469 WARN org.springframework.web.servlet.DispatcherServlet [http-nio-8090-exec-6] No mapping for GET /csrf
2021-11-15 04:18:07,647 INFO org.springframework.boot.StartupInfoLogger [main] Starting ChallengeApplication v0.0.1-SNAPSHOT using Java 11.0.11 on jean-b01 with PID 16676 (C:\Users\jean.b\Desktop\Treinamento\talkd\pnia\pnia-challenge\challenge\target\challenge-0.0.1-SNAPSHOT.jar started by jean.b in C:\Users\jean.b\Desktop\Treinamento\talkd\pnia\pnia-challenge\challenge)
2021-11-15 04:18:07,651 DEBUG org.springframework.boot.StartupInfoLogger [main] Running with Spring Boot v2.4.12, Spring v5.3.12
2021-11-15 04:18:07,652 INFO org.springframework.boot.SpringApplication [main] No active profile set, falling back to default profiles: default
2021-11-15 04:18:08,734 INFO org.springframework.cloud.context.scope.GenericScope [main] BeanFactory id=91aabcfb-9f94-32e6-bda6-34c91afc6512
2021-11-15 04:18:09,398 INFO org.springframework.boot.web.embedded.tomcat.TomcatWebServer [main] Tomcat initialized with port(s): 8080 (http)
2021-11-15 04:18:09,424 INFO org.apache.juli.logging.DirectJDKLog [main] Initializing ProtocolHandler ["http-nio-8080"]
2021-11-15 04:18:09,425 INFO org.apache.juli.logging.DirectJDKLog [main] Starting service [Tomcat]
2021-11-15 04:18:09,425 INFO org.apache.juli.logging.DirectJDKLog [main] Starting Servlet engine: [Apache Tomcat/9.0.54]
2021-11-15 04:18:09,472 INFO org.apache.juli.logging.DirectJDKLog [main] Initializing Spring embedded WebApplicationContext
2021-11-15 04:18:09,473 INFO org.springframework.boot.web.servlet.context.ServletWebServerApplicationContext [main] Root WebApplicationContext: initialization completed in 1757 ms
2021-11-15 04:18:09,697 DEBUG com.pnia.challenge.usecase.prefixReaderImpl.FilePrefixReader [main] Going to read all prefixes from file into memory, will take time!
2021-11-15 04:18:10,352 DEBUG com.pnia.challenge.usecase.prefixReaderImpl.FilePrefixReader [main] Prefixes files is into memory!
2021-11-15 04:18:10,738 INFO springfox.documentation.spring.web.PropertySourcedRequestMappingHandlerMapping [main] Mapped URL path [/v2/api-docs] onto method [springfox.documentation.swagger2.web.Swagger2Controller#getDocumentation(String, HttpServletRequest)]
2021-11-15 04:18:12,587 INFO org.springframework.cloud.commons.util.InetUtils [main] Cannot determine local hostname
2021-11-15 04:18:12,612 INFO org.apache.juli.logging.DirectJDKLog [main] Starting ProtocolHandler ["http-nio-8080"]
2021-11-15 04:18:12,658 INFO org.springframework.boot.web.embedded.tomcat.TomcatWebServer [main] Tomcat started on port(s): 8080 (http) with context path ''
2021-11-15 04:18:14,150 INFO org.springframework.cloud.commons.util.InetUtils [main] Cannot determine local hostname
2021-11-15 04:18:14,151 INFO springfox.documentation.spring.web.plugins.DocumentationPluginsBootstrapper [main] Context refreshed
2021-11-15 04:18:14,170 INFO springfox.documentation.spring.web.plugins.DocumentationPluginsBootstrapper [main] Found 1 custom documentation plugin(s)
2021-11-15 04:18:14,198 INFO springfox.documentation.spring.web.scanners.ApiListingReferenceScanner [main] Scanning for api listing references
2021-11-15 04:18:14,290 INFO org.springframework.boot.StartupInfoLogger [main] Started ChallengeApplication in 8.592 seconds (JVM running for 9.356)
2021-11-15 04:18:31,279 INFO org.apache.juli.logging.DirectJDKLog [http-nio-8080-exec-1] Initializing Spring DispatcherServlet 'dispatcherServlet'
2021-11-15 04:18:31,281 INFO org.springframework.web.servlet.FrameworkServlet [http-nio-8080-exec-1] Initializing Servlet 'dispatcherServlet'
2021-11-15 04:18:31,283 INFO org.springframework.web.servlet.FrameworkServlet [http-nio-8080-exec-1] Completed initialization in 2 ms
2021-11-15 04:18:31,892 WARN org.springframework.web.servlet.DispatcherServlet [http-nio-8080-exec-6] No mapping for GET /
2021-11-15 04:18:31,961 WARN org.springframework.web.servlet.DispatcherServlet [http-nio-8080-exec-7] No mapping for GET /csrf
2021-11-15 05:05:58,968 INFO org.springframework.boot.StartupInfoLogger [restartedMain] Starting ChallengeApplication using Java 1.8.0_251 on jean-b01 with PID 24152 (C:\Users\jean.b\Desktop\Treinamento\talkd\pnia\pnia-challenge\challenge\target\classes started by jean.b in C:\Users\jean.b\Desktop\Treinamento\talkd\pnia\pnia-challenge\challenge)
2021-11-15 05:05:58,973 DEBUG org.springframework.boot.StartupInfoLogger [restartedMain] Running with Spring Boot v2.4.12, Spring v5.3.12
2021-11-15 05:05:58,974 INFO org.springframework.boot.SpringApplication [restartedMain] No active profile set, falling back to default profiles: default
2021-11-15 05:05:59,054 INFO org.springframework.boot.logging.DeferredLog [restartedMain] Devtools property defaults active! Set 'spring.devtools.add-properties' to 'false' to disable
2021-11-15 05:05:59,054 INFO org.springframework.boot.logging.DeferredLog [restartedMain] For additional web related logging consider setting the 'logging.level.web' property to 'DEBUG'
2021-11-15 05:06:00,486 INFO org.springframework.cloud.context.scope.GenericScope [restartedMain] BeanFactory id=70ccd595-d066-3c9f-8d87-13507fdd15d1
2021-11-15 05:06:01,822 INFO org.springframework.boot.web.embedded.tomcat.TomcatWebServer [restartedMain] Tomcat initialized with port(s): 8080 (http)
2021-11-15 05:06:01,837 INFO org.apache.juli.logging.DirectJDKLog [restartedMain] Initializing ProtocolHandler ["http-nio-8080"]
2021-11-15 05:06:01,838 INFO org.apache.juli.logging.DirectJDKLog [restartedMain] Starting service [Tomcat]
2021-11-15 05:06:01,839 INFO org.apache.juli.logging.DirectJDKLog [restartedMain] Starting Servlet engine: [Apache Tomcat/9.0.54]
2021-11-15 05:06:02,787 INFO org.apache.juli.logging.DirectJDKLog [restartedMain] Initializing Spring embedded WebApplicationContext
2021-11-15 05:06:02,788 INFO org.springframework.boot.web.servlet.context.ServletWebServerApplicationContext [restartedMain] Root WebApplicationContext: initialization completed in 3733 ms
2021-11-15 05:06:03,015 INFO org.springframework.boot.devtools.autoconfigure.OptionalLiveReloadServer [restartedMain] LiveReload server is running on port 35729
2021-11-15 05:06:03,089 DEBUG com.pnia.challenge.usecase.prefixReaderImpl.FilePrefixReader [restartedMain] Going to read all prefixes from file into memory, will take time!
2021-11-15 05:06:03,937 DEBUG com.pnia.challenge.usecase.prefixReaderImpl.FilePrefixReader [restartedMain] Prefixes files is into memory!
2021-11-15 05:06:04,981 INFO springfox.documentation.spring.web.PropertySourcedRequestMappingHandlerMapping [restartedMain] Mapped URL path [/v2/api-docs] onto method [springfox.documentation.swagger2.web.Swagger2Controller#getDocumentation(String, HttpServletRequest)]
2021-11-15 05:06:06,913 INFO org.springframework.cloud.commons.util.InetUtils [restartedMain] Cannot determine local hostname
2021-11-15 05:06:06,937 INFO org.apache.juli.logging.DirectJDKLog [restartedMain] Starting ProtocolHandler ["http-nio-8080"]
2021-11-15 05:06:06,959 INFO org.springframework.boot.web.embedded.tomcat.TomcatWebServer [restartedMain] Tomcat started on port(s): 8080 (http) with context path ''
2021-11-15 05:06:08,446 INFO org.springframework.cloud.commons.util.InetUtils [restartedMain] Cannot determine local hostname
2021-11-15 05:06:08,447 INFO springfox.documentation.spring.web.plugins.DocumentationPluginsBootstrapper [restartedMain] Context refreshed
2021-11-15 05:06:08,466 INFO springfox.documentation.spring.web.plugins.DocumentationPluginsBootstrapper [restartedMain] Found 1 custom documentation plugin(s)
2021-11-15 05:06:08,491 INFO springfox.documentation.spring.web.scanners.ApiListingReferenceScanner [restartedMain] Scanning for api listing references
2021-11-15 05:06:08,572 INFO org.springframework.boot.StartupInfoLogger [restartedMain] Started ChallengeApplication in 11.635 seconds (JVM running for 14.285)
2021-11-15 05:06:47,150 INFO org.apache.juli.logging.DirectJDKLog [http-nio-8080-exec-1] Initializing Spring DispatcherServlet 'dispatcherServlet'
2021-11-15 05:06:47,151 INFO org.springframework.web.servlet.FrameworkServlet [http-nio-8080-exec-1] Initializing Servlet 'dispatcherServlet'
2021-11-15 05:06:47,152 INFO org.springframework.web.servlet.FrameworkServlet [http-nio-8080-exec-1] Completed initialization in 1 ms
2021-11-15 05:06:47,175 WARN org.springframework.web.servlet.handler.AbstractHandlerExceptionResolver [http-nio-8080-exec-1] Resolved [org.springframework.web.HttpRequestMethodNotSupportedException: Request method 'GET' not supported]
2021-11-15 05:07:53,069 DEBUG com.pnia.challenge.infrastructure.entrypoint.AggregatorEntrypoint [http-nio-8080-exec-4] New request (411569986) has been made at: 2021-11-15T05:07:53.069
2021-11-15 05:07:54,989 DEBUG com.pnia.challenge.infrastructure.entrypoint.AggregatorEntrypoint [http-nio-8080-exec-4] Request (411569986)is done: 2021-11-15T05:07:54.989
2021-11-15 05:09:22,176 INFO org.springframework.boot.StartupInfoLogger [restartedMain] Starting ChallengeApplication using Java 1.8.0_251 on jean-b01 with PID 27248 (C:\Users\jean.b\Desktop\Treinamento\talkd\pnia\pnia-challenge\challenge\target\classes started by jean.b in C:\Users\jean.b\Desktop\Treinamento\talkd\pnia\pnia-challenge\challenge)
2021-11-15 05:09:22,180 DEBUG org.springframework.boot.StartupInfoLogger [restartedMain] Running with Spring Boot v2.4.12, Spring v5.3.12
2021-11-15 05:09:22,180 INFO org.springframework.boot.SpringApplication [restartedMain] No active profile set, falling back to default profiles: default
2021-11-15 05:09:22,253 INFO org.springframework.boot.logging.DeferredLog [restartedMain] Devtools property defaults active! Set 'spring.devtools.add-properties' to 'false' to disable
2021-11-15 05:09:22,253 INFO org.springframework.boot.logging.DeferredLog [restartedMain] For additional web related logging consider setting the 'logging.level.web' property to 'DEBUG'
2021-11-15 05:09:23,838 INFO org.springframework.cloud.context.scope.GenericScope [restartedMain] BeanFactory id=70ccd595-d066-3c9f-8d87-13507fdd15d1
2021-11-15 05:09:24,981 INFO org.springframework.boot.web.embedded.tomcat.TomcatWebServer [restartedMain] Tomcat initialized with port(s): 8080 (http)
2021-11-15 05:09:24,994 INFO org.apache.juli.logging.DirectJDKLog [restartedMain] Initializing ProtocolHandler ["http-nio-8080"]
2021-11-15 05:09:24,995 INFO org.apache.juli.logging.DirectJDKLog [restartedMain] Starting service [Tomcat]
2021-11-15 05:09:24,996 INFO org.apache.juli.logging.DirectJDKLog [restartedMain] Starting Servlet engine: [Apache Tomcat/9.0.54]
2021-11-15 05:09:25,160 INFO org.apache.juli.logging.DirectJDKLog [restartedMain] Initializing Spring embedded WebApplicationContext
2021-11-15 05:09:25,161 INFO org.springframework.boot.web.servlet.context.ServletWebServerApplicationContext [restartedMain] Root WebApplicationContext: initialization completed in 2907 ms
2021-11-15 05:09:25,454 INFO org.springframework.boot.devtools.autoconfigure.OptionalLiveReloadServer [restartedMain] LiveReload server is running on port 35729
2021-11-15 05:09:25,546 DEBUG com.pnia.challenge.usecase.prefixReaderImpl.FilePrefixReader [restartedMain] Going to read all prefixes from file into memory, will take time!
2021-11-15 05:09:26,414 DEBUG com.pnia.challenge.usecase.prefixReaderImpl.FilePrefixReader [restartedMain] Prefixes files is into memory!
2021-11-15 05:09:27,379 INFO springfox.documentation.spring.web.PropertySourcedRequestMappingHandlerMapping [restartedMain] Mapped URL path [/v2/api-docs] onto method [springfox.documentation.swagger2.web.Swagger2Controller#getDocumentation(String, HttpServletRequest)]
2021-11-15 05:09:29,387 INFO org.springframework.cloud.commons.util.InetUtils [restartedMain] Cannot determine local hostname
2021-11-15 05:09:29,410 INFO org.apache.juli.logging.DirectJDKLog [restartedMain] Starting ProtocolHandler ["http-nio-8080"]
2021-11-15 05:09:29,430 INFO org.springframework.boot.web.embedded.tomcat.TomcatWebServer [restartedMain] Tomcat started on port(s): 8080 (http) with context path ''
2021-11-15 05:09:30,924 INFO org.springframework.cloud.commons.util.InetUtils [restartedMain] Cannot determine local hostname
2021-11-15 05:09:30,924 INFO springfox.documentation.spring.web.plugins.DocumentationPluginsBootstrapper [restartedMain] Context refreshed
2021-11-15 05:09:30,944 INFO springfox.documentation.spring.web.plugins.DocumentationPluginsBootstrapper [restartedMain] Found 1 custom documentation plugin(s)
2021-11-15 05:09:30,975 INFO springfox.documentation.spring.web.scanners.ApiListingReferenceScanner [restartedMain] Scanning for api listing references
2021-11-15 05:09:31,054 INFO org.springframework.boot.StartupInfoLogger [restartedMain] Started ChallengeApplication in 11.104 seconds (JVM running for 12.434)
2021-11-15 05:09:41,811 INFO org.apache.juli.logging.DirectJDKLog [http-nio-8080-exec-1] Initializing Spring DispatcherServlet 'dispatcherServlet'
2021-11-15 05:09:41,811 INFO org.springframework.web.servlet.FrameworkServlet [http-nio-8080-exec-1] Initializing Servlet 'dispatcherServlet'
2021-11-15 05:09:41,813 INFO org.springframework.web.servlet.FrameworkServlet [http-nio-8080-exec-1] Completed initialization in 1 ms
2021-11-15 05:09:41,838 WARN org.springframework.web.servlet.handler.AbstractHandlerExceptionResolver [http-nio-8080-exec-1] Resolved [org.springframework.web.HttpRequestMethodNotSupportedException: Request method 'GET' not supported]
